<?xml version="1.0" encoding="UTF-8"?>
<testsuite xmlns:xsi="http://www.w3.org/2001/XMLSchema-instance" xsi:noNamespaceSchemaLocation="https://maven.apache.org/surefire/maven-surefire-plugin/xsd/surefire-test-report.xsd" version="3.0.2" name="com.example.Notification_Service.Application.usecases.SendVerificationEmailUseCaseTest" time="1.188" tests="1" errors="0" skipped="0" failures="0">
  <properties>
[...]
</properties>
  <testcase name="shouldSendVerificationEmail" classname="com.example.Notification_Service.Application.usecases.SendVerificationEmailUseCaseTest" time="1.171">
    <system-out><![CDATA[2026-01-27T13:31:29.858+01:00  INFO 55079 --- [Notification-Service] [ntainer#0-0-C-1] org.apache.kafka.clients.Metadata        : [Consumer clientId=consumer-notification-service-1, groupId=notification-service] Rebootstrapping with [localhost/127.0.0.1:9092]
2026-01-27T13:31:29.914+01:00  INFO 55079 --- [Notification-Service] [ntainer#0-0-C-1] org.apache.kafka.clients.NetworkClient   : [Consumer clientId=consumer-notification-service-1, groupId=notification-service] Node -1 disconnected.
2026-01-27T13:31:29.915+01:00  WARN 55079 --- [Notification-Service] [ntainer#0-0-C-1] org.apache.kafka.clients.NetworkClient   : [Consumer clientId=consumer-notification-service-1, groupId=notification-service] Connection to node -1 (localhost/127.0.0.1:9092) could not be established. Node may not be available.
2026-01-27T13:31:29.915+01:00  WARN 55079 --- [Notification-Service] [ntainer#0-0-C-1] org.apache.kafka.clients.NetworkClient   : [Consumer clientId=consumer-notification-service-1, groupId=notification-service] Bootstrap broker localhost:9092 (id: -1 rack: null isFenced: false) disconnected
2026-01-27T13:31:30.637+01:00  INFO 55079 --- [Notification-Service] [ntainer#0-0-C-1] org.apache.kafka.clients.Metadata        : [Consumer clientId=consumer-notification-service-1, groupId=notification-service] Rebootstrapping with [localhost/127.0.0.1:9092]
]]></system-out>
  </testcase>
</testsuite>